{"level":"info","message":"/api/users/get-details/651e54c19a3e7dfa69019d99 - {}","service":"User-service"}
{"level":"info","message":"/api/users/signup - {\"name\":\"Sheeja\",\"email\":\"Shreeja.tripathi1010@codingninjas.com\",\"password\":\"shreeja123\",\"gender\":\"Female\"}","service":"User-service"}
{"level":"info","message":"/api/friends/get-friends/65d0a50d2d09eabd4852f1c3 - {}","service":"User-service"}
{"level":"info","message":"/api/friends/get-friends/65d0a50d2d09eabd4852f1c3 - {}","service":"User-service"}
{"level":"info","message":"/api/friends/get-pending-requests - {}","service":"User-service"}
{"level":"info","message":"/api/users/signup - {\"name\":\"Sheeja\",\"email\":\"Shreeja.tripathi1010@codingninjas.com\",\"password\":\"shreeja123\",\"gender\":\"Female\"}","service":"User-service"}
{"level":"info","message":"/api/posts/ - {}","service":"User-service"}
{"level":"info","message":"/api/users/signup - {\"name\":\"Shree\",\"email\":\"Shree.tripathi1010@codingninjas.com\",\"password\":\"shree123\",\"gender\":\"Male\"}","service":"User-service"}
{"level":"info","message":"/api/friends/get-friends/65d0d1c80d55b7091f3c0aa5 - {}","service":"User-service"}
{"level":"info","message":"/api/friends/get-pending-requests - {}","service":"User-service"}
{"level":"info","message":"/api/friends/toggle-friendship/65d0d1c80d55b7091f3c0aa5 - {}","service":"User-service"}
{"level":"info","message":"/api/friends/toggle-friendship/65d0d1c80d55b7091f3c0aa5 - {}","service":"User-service"}
{"level":"info","message":"/api/friends/get-pending-requests - {}","service":"User-service"}
{"level":"info","message":"/api/friends/response-to-request/65d0d1c80d55b7091f3c0aa5?responded=Accepted - {}","service":"User-service"}
{"level":"info","message":"/api/friends/response-to-request/65d0d1c80d55b7091f3c0aa5?responded=Accepted - {}","service":"User-service"}
{"level":"info","message":"/api/friends/response-to-request/65d0d1c80d55b7091f3c0aa5?responded=Accepted - {}","service":"User-service"}
{"level":"info","message":"/api/friends/response-to-request/65d0d1c80d55b7091f3c0aa5?responded=Accepted - {}","service":"User-service"}
{"level":"info","message":"/api/users/signup - {\"name\":\"Akash\",\"email\":\"Akash.tripathi1010@codingninjas.com\",\"password\":\"Akash123\",\"gender\":\"Male\"}","service":"User-service"}
{"level":"info","message":"/api/friends/toggle-friendship/65d0d47fa77e45768cd1e32b - {}","service":"User-service"}
{"level":"info","message":"/api/friends/get-pending-requests - {}","service":"User-service"}
{"level":"info","message":"/api/friends/toggle-friendship/65d0d1810d55b7091f3c0a9e?responded=Accepted - {}","service":"User-service"}
{"level":"info","message":"/api/friends/toggle-friendship/65d0d1810d55b7091f3c0a9e?responded=Accepted - {}","service":"User-service"}
{"level":"info","message":"/api/friends/toggle-friendship/65d0d1810d55b7091f3c0a9e?responded=Accepted - {}","service":"User-service"}
{"level":"info","message":"/api/friends/response-to-request/65d0d1810d55b7091f3c0a9e?responded=Accepted - {}","service":"User-service"}
{"level":"info","message":"/api/friends/response-to-request/65d0d1810d55b7091f3c0a9e?responded=Accepted - {}","service":"User-service"}
{"level":"info","message":"/api/friends/toggle-friendship/65d0d1c80d55b7091f3c0aa5 - {}","service":"User-service"}
{"level":"info","message":"/api/users/signup - {\"name\":\"Abhishek\",\"email\":\"Abhishek.tripathi1010@codingninjas.com\",\"password\":\"Abhi123\",\"gender\":\"Male\"}","service":"User-service"}
{"level":"info","message":"/api/friends/toggle-friendship/65d0d1810d55b7091f3c0a9e - {}","service":"User-service"}
{"level":"info","message":"/api/friends/get-pending-requests - {}","service":"User-service"}
{"level":"info","message":"/api/friends/response-to-request/65d0d8deb8c747dcf5c058bc?responded=Accepted - {}","service":"User-service"}
{"level":"info","message":"/api/users/signup - {\"name\":\"Ramya\",\"email\":\"Ramya.tripathi1010@codingninjas.com\",\"password\":\"Ramya123\",\"gender\":\"Female\"}","service":"User-service"}
{"level":"info","message":"/api/friends/get-pending-requests - {}","service":"User-service"}
{"level":"info","message":"/api/friends/toggle-friendship/65d0d47fa77e45768cd1e32b - {}","service":"User-service"}
{"level":"info","message":"/api/friends/get-pending-requests - {}","service":"User-service"}
{"level":"info","message":"/api/friends/response-to-request/65d0da4563890e425b4cf913?responded=Accepted - {}","service":"User-service"}
{"level":"info","message":"/api/users/signup - {\"name\":\"Raj\",\"email\":\"Raj.tripathi1010@codingninjas.com\",\"password\":\"Raj123\",\"gender\":\"Male\"}","service":"User-service"}
{"level":"info","message":"/api/friends/toggle-friendship/65d0d8deb8c747dcf5c058bc - {}","service":"User-service"}
{"level":"info","message":"/api/friends/get-pending-requests - {}","service":"User-service"}
{"level":"info","message":"/api/friends/response-to-request/65d0dcd9752a4846d2bab55a?responded=Accepted - {}","service":"User-service"}
{"level":"info","message":"/api/friends/response-to-request/65d0dcd9752a4846d2bab55a?responded=Accepted - {}","service":"User-service"}
{"level":"info","message":"/api/friends/toggle-friendship/65d0da4563890e425b4cf913 - {}","service":"User-service"}
{"level":"info","message":"/api/friends/get-pending-requests - {}","service":"User-service"}
{"level":"info","message":"/api/friends/response-to-request/65d0d8deb8c747dcf5c058bc?responded=Accepted - {}","service":"User-service"}
{"level":"info","message":"/api/users/signup - {\"name\":\"Rajshree\",\"email\":\"Rajshree.tripathi1010@codingninjas.com\",\"password\":\"Rajshree123\",\"gender\":\"Female\"}","service":"User-service"}
{"level":"info","message":"/api/friends/toggle-friendship/65d0dfb2e91cd2f703ab5af9 - {}","service":"User-service"}
{"level":"info","message":"/api/friends/get-pending-requests - {}","service":"User-service"}
{"level":"info","message":"/api/friends/response-to-request/65d0d8deb8c747dcf5c058bc?responded=Rejected - {}","service":"User-service"}
{"level":"info","message":"/api/friends/toggle-friendship/65d0d8deb8c747dcf5c058bc - {}","service":"User-service"}
{"level":"info","message":"/api/friends/get-pending-requests - {}","service":"User-service"}
{"level":"info","message":"/api/friends/response-to-request/65d0dfb2e91cd2f703ab5af9?responded=Rejected - {}","service":"User-service"}
{"level":"info","message":"/api/friends/toggle-friendship/65d0dfb2e91cd2f703ab5af9 - {}","service":"User-service"}
{"level":"info","message":"/api/friends/get-pending-requests - {}","service":"User-service"}
{"level":"info","message":"/api/friends/response-to-request/65d0d47fa77e45768cd1e32b?responded=Rejected - {}","service":"User-service"}
{"level":"info","message":"/api/comments/65d0744787d61505ce39a1cc - {\"content\":\"This is a nice post\"}","service":"User-service"}
{"level":"info","message":"/api/comments/65d0e27fa6de807ce7b64a45 - {\"content\":\"What is your name\"}","service":"User-service"}
{"level":"info","message":"/api/friends/get-friends/65d0d1c80d55b7091f3c0aa5 - {}","service":"User-service"}
{"level":"info","message":"/api/friends/get-pending-requests - {}","service":"User-service"}
{"level":"info","message":"/api/friends/toggle-friendship/65d0da4563890e425b4cf913 - {}","service":"User-service"}
{"level":"info","message":"/api/friends/get-pending-requests - {}","service":"User-service"}
{"level":"info","message":"/api/friends/response-to-request/65d0dfb2e91cd2f703ab5af9?responded=Accepted - {}","service":"User-service"}
{"level":"info","message":"/api/friends/response-to-request/65d0dfb2e91cd2f703ab5af9?responded=Accepted - {}","service":"User-service"}
{"level":"info","message":"/api/friends/toggle-friendship/65d0d47fa77e45768cd1e32b - {}","service":"User-service"}
{"level":"info","message":"/api/friends/toggle-friendship/65d0d47fa77e45768cd1e32b - {}","service":"User-service"}
{"level":"info","message":"/api/friends/get-pending-requests - {}","service":"User-service"}
{"level":"info","message":"/api/friends/response-to-request/65d0da4563890e425b4cf913?responded=Accepted - {}","service":"User-service"}
{"level":"info","message":"/api/friends/toggle-friendship/65d0d8deb8c747dcf5c058bc - {}","service":"User-service"}
{"level":"info","message":"/api/friends/get-pending-requests - {}","service":"User-service"}
{"level":"info","message":"/api/friends/toggle-friendship/65d0d47fa77e45768cd1e32b - {}","service":"User-service"}
{"level":"info","message":"/api/friends/response-to-request/65d0d47fa77e45768cd1e32b?responded=Accepted - {}","service":"User-service"}
{"level":"info","message":"/api/friends/toggle-friendship/65d0d1810d55b7091f3c0a9e - {}","service":"User-service"}
{"level":"info","message":"/api/friends/toggle-friendship/65d0d1810d55b7091f3c0a9e - {}","service":"User-service"}
{"level":"info","message":"/api/friends/get-pending-requests - {}","service":"User-service"}
{"level":"info","message":"/api/friends/response-to-request/65d0d8deb8c747dcf5c058bc?responded=Rejected - {}","service":"User-service"}
{"level":"info","message":"/api/friends/toggle-friendship/65d0dfb2e91cd2f703ab5af9 - {}","service":"User-service"}
{"level":"info","message":"/api/friends/get-pending-requests - {}","service":"User-service"}
{"level":"info","message":"/api/friends/response-to-request/65d0d1810d55b7091f3c0a9e?responded=Rejected - {}","service":"User-service"}
{"level":"info","message":"/api/friends/toggle-friendship/65d0dfb2e91cd2f703ab5af9 - {}","service":"User-service"}
{"level":"info","message":"/api/friends/get-pending-requests - {}","service":"User-service"}
{"level":"info","message":"/api/friends/get-pending-requests - {}","service":"User-service"}
{"level":"info","message":"/api/friends/response-to-request/65d0dcd9752a4846d2bab55a?responded=Rejected - {}","service":"User-service"}
{"level":"info","message":"/api/friends/toggle-friendship/65d0dfb2e91cd2f703ab5af9 - {}","service":"User-service"}
{"level":"info","message":"/api/friends/get-pending-requests - {}","service":"User-service"}
{"level":"info","message":"/api/friends/response-to-request/65d0dcd9752a4846d2bab55a?responded=Rejected - {}","service":"User-service"}
{"level":"info","message":"/api/users/updatePassword - {\"name\":\"Sheeja\",\"email\":\"Shreeja.tripathi1010@codingninjas.com\",\"password\":\"shreeja123\",\"gender\":\"Female\"}","service":"User-service"}
{"level":"info","message":"/api/users/updatePassword - {\"name\":\"Sheeja\",\"email\":\"Shreeja.tripathi1010@codingninjas.com\",\"password\":\"shreeja123\",\"gender\":\"Female\"}","service":"User-service"}
{"level":"info","message":"/api/users/updatePassword - {\"name\":\"Sheeja\",\"email\":\"Shreeja.tripathi1010@codingninjas.com\",\"password\":\"shreeja123\",\"gender\":\"Female\"}","service":"User-service"}
{"level":"info","message":"/api/users/updatePassword - {\"name\":\"Sheeja\",\"email\":\"Shreeja.tripathi1010@codingninjas.com\",\"password\":\"shreeja123\",\"gender\":\"Female\"}","service":"User-service"}
{"level":"info","message":"/api/users/updatePassword/generateOtp - {\"name\":\"Sheeja\",\"email\":\"Shreeja.tripathi1010@codingninjas.com\",\"password\":\"shreeja123\",\"gender\":\"Female\"}","service":"User-service"}
{"level":"info","message":"/api/users/updatePassword/verifyOtp - {\"otp\":\"685624\"}","service":"User-service"}
{"level":"info","message":"/api/users/updatePassword/verifyOtp - {\"otp\":\"685524\"}","service":"User-service"}
{"level":"info","message":"/api/users/updatePassword/verifyOtp - {\"otp\":\"685524\"}","service":"User-service"}
{"level":"info","message":"/api/users/updatePassword - {\"name\":\"Sheeja\",\"email\":\"Shreeja.tripathi1010@codingninjas.com\",\"password\":\"shreeja123\",\"gender\":\"Female\"}","service":"User-service"}
{"level":"info","message":"/api/users/updatePassword - {\"name\":\"Sheeja\",\"email\":\"Shreeja.tripathi1010@codingninjas.com\",\"password\":\"shreeja123\",\"gender\":\"Female\"}","service":"User-service"}
{"level":"info","message":"/api/users/updatePassword - {\"name\":\"Sheeja\",\"email\":\"Shreeja.tripathi1010@codingninjas.com\",\"password\":\"shreeja123\",\"gender\":\"Female\"}","service":"User-service"}
{"level":"info","message":"/api/users/updatePassword - {}","service":"User-service"}
{"level":"info","message":"/api/users/updatePassword - {}","service":"User-service"}
{"level":"info","message":"/api/users/updatePassword - {\"password\":\"shreeja123\"}","service":"User-service"}
{"level":"info","message":"/api/users/updatePassword - {\"password\":\"shreeja12\"}","service":"User-service"}
{"level":"info","message":"/api/users/updatePassword - {\"password\":\"Rajshree12345\"}","service":"User-service"}
{"level":"info","message":"/api/users/updatePassword - {\"password\":\"Rajshree12345\"}","service":"User-service"}
{"level":"info","message":"/api/users/updatePassword - {\"password\":\"Rajshree12345\"}","service":"User-service"}
{"level":"info","message":"/api/users/updatePassword - {\"password\":\"Rajshree12345\"}","service":"User-service"}
{"level":"info","message":"/api/users/updatePassword - {\"password\":\"Rajshree12345\"}","service":"User-service"}
{"level":"info","message":"/api/users/updatePassword - {\"password\":\"Rajshree12345\"}","service":"User-service"}
{"level":"info","message":"/api/users/updatePassword - {\"password\":\"Rajshree12345\"}","service":"User-service"}
{"level":"info","message":"/api/users/updatePassword - {\"password\":\"Rajshree12345\"}","service":"User-service"}
{"level":"info","message":"/api/users/updatePassword - {\"password\":\"Rajshree1\"}","service":"User-service"}
{"level":"info","message":"/api/users/updatePassword - {\"password\":\"Rajshree2121\"}","service":"User-service"}
{"level":"info","message":"/api/users/updatePassword - {\"password\":\"Rajshree211\"}","service":"User-service"}
{"level":"info","message":"/api/users/updatePassword - {\"password\":\"Rajsh211\"}","service":"User-service"}
{"level":"info","message":"/api/users/updatePassword - {\"password\":\"Rajsh23311\"}","service":"User-service"}
{"level":"info","message":"/api/users/signup - {\"name\":\"Arjun\",\"email\":\"Arjun.tripathi1010@codingninjas.com\",\"password\":\"arjun123\",\"gender\":\"Male\"}","service":"User-service"}
{"level":"info","message":"/api/friends/get-pending-requests - {}","service":"User-service"}
{"level":"info","message":"/api/friends/toggle-friendship/65d0dfb2e91cd2f703ab5af9 - {}","service":"User-service"}
{"level":"info","message":"/api/friends/toggle-friendship/65d0dfb2e91cd2f703ab5af9 - {}","service":"User-service"}
{"level":"info","message":"/api/friends/toggle-friendship/65d1b41ab29d2cffcf3ecf2b - {}","service":"User-service"}
{"level":"info","message":"/api/friends/get-pending-requests - {}","service":"User-service"}
{"level":"info","message":"/api/friends/response-to-request/65d0dfb2e91cd2f703ab5af9?responded=Rejected - {}","service":"User-service"}
{"level":"info","message":"/api/friends/toggle-friendship/65d0d47fa77e45768cd1e32b - {}","service":"User-service"}
{"level":"info","message":"/api/friends/get-pending-requests - {}","service":"User-service"}
{"level":"info","message":"/api/friends/response-to-request/65d1b41ab29d2cffcf3ecf2b?responded=Accepted - {}","service":"User-service"}
{"level":"info","message":"/api/friends/response-to-request/65d1b41ab29d2cffcf3ecf2b?responded=Accepted - {}","service":"User-service"}
{"level":"info","message":"/api/friends/toggle-friendship/65d0dcd9752a4846d2bab55a - {}","service":"User-service"}
{"level":"info","message":"/api/friends/toggle-friendship/65d0dcd9752a4846d2bab55a - {}","service":"User-service"}
{"level":"info","message":"/api/friends/get-pending-requests - {}","service":"User-service"}
{"level":"info","message":"/api/friends/response-to-request/65d0d47fa77e45768cd1e32b?responded=Accepted - {}","service":"User-service"}
{"level":"info","message":"/api/friends/response-to-request/65d0d47fa77e45768cd1e32b?responded=Accepted - {}","service":"User-service"}
{"level":"info","message":"/api/friends/toggle-friendship/65d1c10a9db1bceee76ef7c8 - {}","service":"User-service"}
{"level":"info","message":"/api/friends/toggle-friendship/65d1b41ab29d2cffcf3ecf2b - {}","service":"User-service"}
{"level":"info","message":"/api/friends/get-pending-requests - {}","service":"User-service"}
{"level":"info","message":"/api/friends/response-to-request/65d0d47fa77e45768cd1e32b?responded=Accepted - {}","service":"User-service"}
{"level":"info","message":"/api/users/signup - {\"name\":\"abc\",\"email\":\"abc.tripathi1010@codingninjas.com\",\"password\":\"abc\",\"gender\":\"Male\"}","service":"User-service"}
{"level":"info","message":"/api/users/signup - {\"name\":\"xyz\",\"email\":\"xyz.tripathi1010@codingninjas.com\",\"password\":\"abc\",\"gender\":\"Male\"}","service":"User-service"}
{"level":"info","message":"/api/friends/toggle-friendship/65d1c46f4960e9d7d226f36b - {}","service":"User-service"}
{"level":"info","message":"/api/friends/get-pending-requests - {}","service":"User-service"}
{"level":"info","message":"/api/friends/response-to-request/65d1c44e4960e9d7d226f369?responded=Accepted - {}","service":"User-service"}
{"level":"info","message":"/api/friends/toggle-friendship/65d1c48e4960e9d7d226f371 - {}","service":"User-service"}
{"level":"info","message":"/api/friends/toggle-friendship/65d0d1810d55b7091f3c0a9e - {}","service":"User-service"}
{"level":"info","message":"/api/friends/toggle-friendship/65d0d1c80d55b7091f3c0aa5 - {}","service":"User-service"}
{"level":"info","message":"/api/friends/get-pending-requests - {}","service":"User-service"}
{"level":"info","message":"/api/friends/response-to-request/65d1c46f4960e9d7d226f36b?responded=Accepted - {}","service":"User-service"}
{"level":"info","message":"/api/friends/response-to-request/65d1c46f4960e9d7d226f36b?responded=Accepted - {}","service":"User-service"}
{"level":"info","message":"/api/friends/toggle-friendship/65d0d1c80d55b7091f3c0aa5 - {}","service":"User-service"}
{"level":"info","message":"/api/friends/toggle-friendship/65d0da4563890e425b4cf913 - {}","service":"User-service"}
{"level":"info","message":"/api/friends/get-pending-requests - {}","service":"User-service"}
{"level":"info","message":"/api/friends/response-to-request/65d0d1810d55b7091f3c0a9e?responded=Accepted - {}","service":"User-service"}
{"level":"info","message":"/api/friends/response-to-request/65d0d1810d55b7091f3c0a9e?responded=Accepted - {}","service":"User-service"}
{"level":"info","message":"/api/friends/response-to-request/65d0dcd9752a4846d2bab55a?responded=Accepted - {}","service":"User-service"}
{"level":"info","message":"/api/friends/toggle-friendship/65d0da4563890e425b4cf913 - {}","service":"User-service"}
{"level":"info","message":"/api/friends/toggle-friendship/65d0dcd9752a4846d2bab55a - {}","service":"User-service"}
{"level":"info","message":"/api/friends/get-pending-requests - {}","service":"User-service"}
{"level":"info","message":"/api/friends/response-to-request/65d0da4563890e425b4cf913?responded=Accepted - {}","service":"User-service"}
{"level":"info","message":"/api/posts/ - {}","service":"User-service"}
{"level":"info","message":"/api/posts/ - {}","service":"User-service"}
{"level":"info","message":"/api/posts/ - {}","service":"User-service"}
{"level":"info","message":"/api/friends/toggle-friendship/65d0d1810d55b7091f3c0a9e - {}","service":"User-service"}
{"level":"info","message":"/api/friends/get-pending-requests - {}","service":"User-service"}
{"level":"info","message":"/api/friends/response-to-request/65d0dcd9752a4846d2bab55a?responded=Accepted - {}","service":"User-service"}
{"level":"info","message":"/api/friends/response-to-request/65d0dcd9752a4846d2bab55a?responded=Accepted - {}","service":"User-service"}
{"level":"info","message":"/api/friends/toggle-friendship/65d1c46f4960e9d7d226f36b - {}","service":"User-service"}
{"level":"info","message":"/api/friends/get-pending-requests - {}","service":"User-service"}
{"level":"info","message":"/api/friends/response-to-request/65d0d1810d55b7091f3c0a9e?responded=Accepted - {}","service":"User-service"}
{"level":"info","message":"/api/friends/toggle-friendship/65d0d8deb8c747dcf5c058bc - {}","service":"User-service"}
{"level":"info","message":"/api/friends/get-pending-requests - {}","service":"User-service"}
{"level":"info","message":"/api/friends/response-to-request/65d1c46f4960e9d7d226f36b?responded=Accepted - {}","service":"User-service"}
{"level":"info","message":"/api/friends/toggle-friendship/65d1c44e4960e9d7d226f369 - {}","service":"User-service"}
{"level":"info","message":"/api/friends/get-pending-requests - {}","service":"User-service"}
{"level":"info","message":"/api/friends/response-to-request/65d0d1810d55b7091f3c0a9e?responded=Rejected - {}","service":"User-service"}
{"level":"info","message":"/api/friends/toggle-friendship/65d0d47fa77e45768cd1e32b - {}","service":"User-service"}
{"level":"info","message":"/api/friends/get-pending-requests - {}","service":"User-service"}
{"level":"info","message":"/api/friends/response-to-request/65d1c44e4960e9d7d226f369?responded=Accepted - {}","service":"User-service"}
{"level":"info","message":"/api/friends/toggle-friendship/65d0da4563890e425b4cf913 - {}","service":"User-service"}
{"level":"info","message":"/api/friends/get-pending-requests - {}","service":"User-service"}
{"level":"info","message":"/api/friends/response-to-request/65d0d47fa77e45768cd1e32b?responded=Accepted - {}","service":"User-service"}
{"level":"info","message":"/api/friends/toggle-friendship/65d0d1810d55b7091f3c0a9e - {}","service":"User-service"}
{"level":"info","message":"/api/friends/get-pending-requests - {}","service":"User-service"}
{"level":"info","message":"/api/friends/response-to-request/65d0da4563890e425b4cf913?responded=Accepted - {}","service":"User-service"}
{"level":"info","message":"/api/friends/toggle-friendship/65d1c46f4960e9d7d226f36b - {}","service":"User-service"}
{"level":"info","message":"/api/friends/get-pending-requests - {}","service":"User-service"}
{"level":"info","message":"/api/friends/response-to-request/65d0d1810d55b7091f3c0a9e?responded=Accepted - {}","service":"User-service"}
{"level":"info","message":"/api/friends/toggle-friendship/65d1c44e4960e9d7d226f369 - {}","service":"User-service"}
{"level":"info","message":"/api/friends/get-pending-requests - {}","service":"User-service"}
{"level":"info","message":"/api/friends/response-to-request/65d0da4563890e425b4cf913?responded=Accepted - {}","service":"User-service"}
{"level":"info","message":"/api/friends/toggle-friendship/65d0dfb2e91cd2f703ab5af9 - {}","service":"User-service"}
{"level":"info","message":"/api/friends/toggle-friendship/65d0d8deb8c747dcf5c058bc - {}","service":"User-service"}
{"level":"info","message":"/api/friends/get-pending-requests - {}","service":"User-service"}
{"level":"info","message":"/api/friends/response-to-request/65d1b41ab29d2cffcf3ecf2b?responded=Accepted - {}","service":"User-service"}
{"level":"info","message":"/api/friends/toggle-friendship/65d0d47fa77e45768cd1e32b - {}","service":"User-service"}
{"level":"info","message":"/api/friends/toggle-friendship/65d0d47fa77e45768cd1e32b - {}","service":"User-service"}
{"level":"info","message":"/api/friends/get-pending-requests - {}","service":"User-service"}
{"level":"info","message":"/api/friends/response-to-request/65d0d8deb8c747dcf5c058bc?responded=Accepted - {}","service":"User-service"}
